<?xml version="1.0" encoding="UTF-8"?>
<testsuite xmlns:xsi="http://www.w3.org/2001/XMLSchema-instance" xsi:noNamespaceSchemaLocation="https://maven.apache.org/surefire/maven-surefire-plugin/xsd/surefire-test-report-3.0.xsd" version="3.0" name="io.github.alexeyaleksandrov.jacademicsupport.JAcademicSupprtApplicationTests" time="4.161" tests="1" errors="0" skipped="0" failures="0">
  <properties>
[...]
</properties>
  <testcase name="contextLoads" classname="io.github.alexeyaleksandrov.jacademicsupport.JAcademicSupprtApplicationTests" time="0.311">
    <system-out><![CDATA[02:26:01.555 [main] INFO org.springframework.test.context.support.AnnotationConfigContextLoaderUtils -- Could not detect default configuration classes for test class [io.github.alexeyaleksandrov.jacademicsupport.JAcademicSupprtApplicationTests]: JAcademicSupprtApplicationTests does not declare any static, non-private, non-final, nested classes annotated with @Configuration.
02:26:01.623 [main] INFO org.springframework.boot.test.context.SpringBootTestContextBootstrapper -- Found @SpringBootConfiguration io.github.alexeyaleksandrov.jacademicsupport.JAcademicSupprtApplication for test class io.github.alexeyaleksandrov.jacademicsupport.JAcademicSupprtApplicationTests
02:26:01.733 [main] INFO org.springframework.boot.devtools.restart.RestartApplicationListener -- Restart disabled due to context in which it is running
  .   ____          _            __ _ _
 /\\ / ___'_ __ _ _(_)_ __  __ _ \ \ \ \
( ( )\___ | '_ | '_| | '_ \/ _` | \ \ \ \
 \\/  ___)| |_)| | | | | || (_| |  ) ) ) )
  '  |____| .__|_| |_|_| |_\__, | / / / /
 =========|_|==============|___/=/_/_/_/

 :: Spring Boot ::                (v3.3.0)

2025-09-13T02:26:01.881+03:00  WARN 22236 --- [JAcademicSupprt] [           main] ory$DuplicateJsonObjectContextCustomizer : 

Found multiple occurrences of org.json.JSONObject on the class path:

	jar:file:/C:/Users/ASUS/.m2/repository/com/vaadin/external/google/android-json/0.0.20131108.vaadin1/android-json-0.0.20131108.vaadin1.jar!/org/json/JSONObject.class
	jar:file:/C:/Users/ASUS/.m2/repository/org/json/json/20231013/json-20231013.jar!/org/json/JSONObject.class

You may wish to exclude one of them to ensure predictable runtime behavior

2025-09-13T02:26:01.890+03:00  INFO 22236 --- [JAcademicSupprt] [           main] i.g.a.j.JAcademicSupprtApplicationTests  : Starting JAcademicSupprtApplicationTests using Java 21.0.7 with PID 22236 (started by ASUS in C:\Users\ASUS\IdeaProjects\JAcademicSupport)
2025-09-13T02:26:01.891+03:00  INFO 22236 --- [JAcademicSupprt] [           main] i.g.a.j.JAcademicSupprtApplicationTests  : No active profile set, falling back to 1 default profile: "default"
2025-09-13T02:26:02.407+03:00  INFO 22236 --- [JAcademicSupprt] [           main] .s.d.r.c.RepositoryConfigurationDelegate : Bootstrapping Spring Data JPA repositories in DEFAULT mode.
2025-09-13T02:26:02.511+03:00  INFO 22236 --- [JAcademicSupprt] [           main] .s.d.r.c.RepositoryConfigurationDelegate : Finished Spring Data repository scanning in 100 ms. Found 9 JPA repository interfaces.
2025-09-13T02:26:02.907+03:00  INFO 22236 --- [JAcademicSupprt] [           main] o.hibernate.jpa.internal.util.LogHelper  : HHH000204: Processing PersistenceUnitInfo [name: default]
2025-09-13T02:26:02.963+03:00  INFO 22236 --- [JAcademicSupprt] [           main] org.hibernate.Version                    : HHH000412: Hibernate ORM core version 6.5.2.Final
2025-09-13T02:26:02.989+03:00  INFO 22236 --- [JAcademicSupprt] [           main] o.h.c.internal.RegionFactoryInitiator    : HHH000026: Second-level cache disabled
2025-09-13T02:26:03.286+03:00  INFO 22236 --- [JAcademicSupprt] [           main] o.s.o.j.p.SpringPersistenceUnitInfo      : No LoadTimeWeaver setup: ignoring JPA class transformer
2025-09-13T02:26:03.312+03:00  INFO 22236 --- [JAcademicSupprt] [           main] com.zaxxer.hikari.HikariDataSource       : HikariPool-1 - Starting...
2025-09-13T02:26:03.442+03:00  INFO 22236 --- [JAcademicSupprt] [           main] com.zaxxer.hikari.pool.HikariPool        : HikariPool-1 - Added connection org.postgresql.jdbc.PgConnection@789dd6bf
2025-09-13T02:26:03.443+03:00  INFO 22236 --- [JAcademicSupprt] [           main] com.zaxxer.hikari.HikariDataSource       : HikariPool-1 - Start completed.
2025-09-13T02:26:03.467+03:00  WARN 22236 --- [JAcademicSupprt] [           main] org.hibernate.orm.deprecation            : HHH90000025: PostgreSQLDialect does not need to be specified explicitly using 'hibernate.dialect' (remove the property setting and it will be selected by default)
2025-09-13T02:26:04.158+03:00  INFO 22236 --- [JAcademicSupprt] [           main] o.h.e.t.j.p.i.JtaPlatformInitiator       : HHH000489: No JTA platform available (set 'hibernate.transaction.jta.platform' to enable JTA platform integration)
2025-09-13T02:26:04.290+03:00  INFO 22236 --- [JAcademicSupprt] [           main] j.LocalContainerEntityManagerFactoryBean : Initialized JPA EntityManagerFactory for persistence unit 'default'
2025-09-13T02:26:04.962+03:00  WARN 22236 --- [JAcademicSupprt] [           main] JpaBaseConfiguration$JpaWebConfiguration : spring.jpa.open-in-view is enabled by default. Therefore, database queries may be performed during view rendering. Explicitly configure spring.jpa.open-in-view to disable this warning
2025-09-13T02:26:05.287+03:00  INFO 22236 --- [JAcademicSupprt] [           main] i.g.a.j.JAcademicSupprtApplicationTests  : Started JAcademicSupprtApplicationTests in 3.565 seconds (process running for 4.21)
]]></system-out>
    <system-err><![CDATA[WARNING: A Java agent has been loaded dynamically (C:\Users\ASUS\.m2\repository\net\bytebuddy\byte-buddy-agent\1.14.16\byte-buddy-agent-1.14.16.jar)
WARNING: If a serviceability tool is in use, please run with -XX:+EnableDynamicAgentLoading to hide this warning
WARNING: If a serviceability tool is not in use, please run with -Djdk.instrument.traceUsage for more information
WARNING: Dynamic loading of agents will be disallowed by default in a future release
]]></system-err>
  </testcase>
</testsuite>